<?xml version="1.0" encoding="UTF-8"?>
<testng-results ignored="0" total="0" passed="0" failed="0" skipped="0">
  <reporter-output>
  </reporter-output>
  <suite started-at="2022-02-15T02:44:26 CET" name="Amazon suite test" finished-at="2022-02-15T02:44:27 CET" duration-ms="516">
    <groups>
      <group name="cucumber">
        <method signature="AbstractTestNGCucumberTests.runScenario(io.cucumber.testng.PickleWrapper,io.cucumber.testng.FeatureWrapper)[pri:0, instance:Steps.TestRunners@71def8f8]" name="runScenario" class="io.cucumber.testng.AbstractTestNGCucumberTests"/>
      </group> <!-- cucumber -->
    </groups>
    <test started-at="2022-02-15T02:44:26 CET" name="Amazon" finished-at="2022-02-15T02:44:27 CET" duration-ms="516">
      <class name="Steps.TestRunners">
        <test-method is-config="true" signature="setUpClass(org.testng.ITestContext)[pri:0, instance:Steps.TestRunners@71def8f8]" started-at="2022-02-15T02:44:26 CET" name="setUpClass" finished-at="2022-02-15T02:44:27 CET" duration-ms="438" status="PASS">
          <params>
            <param index="0">
              <value>
                <![CDATA[org.testng.TestRunner@71984c3]]>
              </value>
            </param>
          </params>
          <reporter-output>
          </reporter-output>
        </test-method> <!-- setUpClass -->
        <test-method is-config="true" signature="tearDownClass()[pri:0, instance:Steps.TestRunners@71def8f8]" started-at="2022-02-15T02:44:27 CET" name="tearDownClass" finished-at="2022-02-15T02:44:27 CET" duration-ms="47" status="PASS">
          <reporter-output>
          </reporter-output>
        </test-method> <!-- tearDownClass -->
      </class> <!-- Steps.TestRunners -->
    </test> <!-- Amazon -->
  </suite> <!-- Amazon suite test -->
</testng-results>
